<?xml version="1.0" encoding="UTF-8"?>
<coverage generated="1540811165620" clover="3.2.0">
  <project timestamp="1540811165620" name="All files">
    <metrics statements="130" coveredstatements="104" conditionals="30" coveredconditionals="13" methods="30" coveredmethods="11" elements="190" coveredelements="128" complexity="0" loc="130" ncloc="130" packages="16" files="19" classes="19">
      <package name="diadem-network-client">
        <metrics statements="1" coveredstatements="1" conditionals="0" coveredconditionals="0" methods="0" coveredmethods="0"/>
        <file name="setupTests.js" path="/home/cbresson/DEV/PERSO/QTUM/diadem-network-client/setupTests.js">
          <metrics statements="1" coveredstatements="1" conditionals="0" coveredconditionals="0" methods="0" coveredmethods="0"/>
          <line num="4" count="4" type="stmt"/>
        </file>
      </package>
      <package name="diadem-network-client.src.components.shared.Link">
        <metrics statements="6" coveredstatements="5" conditionals="0" coveredconditionals="0" methods="2" coveredmethods="0"/>
        <file name="index.js" path="/home/cbresson/DEV/PERSO/QTUM/diadem-network-client/src/components/shared/Link/index.js">
          <metrics statements="6" coveredstatements="5" conditionals="0" coveredconditionals="0" methods="2" coveredmethods="0"/>
          <line num="6" count="1" type="stmt"/>
          <line num="13" count="1" type="stmt"/>
          <line num="14" count="0" type="stmt"/>
          <line num="27" count="1" type="stmt"/>
          <line num="31" count="1" type="stmt"/>
          <line num="39" count="1" type="stmt"/>
        </file>
      </package>
      <package name="diadem-network-client.src.components.specialized.Achievements.AchievementsChain.Confirm">
        <metrics statements="11" coveredstatements="11" conditionals="8" coveredconditionals="7" methods="4" coveredmethods="4"/>
        <file name="index.js" path="/home/cbresson/DEV/PERSO/QTUM/diadem-network-client/src/components/specialized/Achievements/AchievementsChain/Confirm/index.js">
          <metrics statements="11" coveredstatements="11" conditionals="8" coveredconditionals="7" methods="4" coveredmethods="4"/>
          <line num="21" count="1" type="stmt"/>
          <line num="25" count="2" type="stmt"/>
          <line num="29" count="2" type="stmt"/>
          <line num="30" count="2" type="cond" truecount="2" falsecount="0"/>
          <line num="31" count="2" type="stmt"/>
          <line num="43" count="11" type="stmt"/>
          <line num="44" count="11" type="stmt"/>
          <line num="45" count="11" type="stmt"/>
          <line num="106" count="1" type="stmt"/>
          <line num="111" count="1" type="stmt"/>
          <line num="122" count="1" type="stmt"/>
        </file>
      </package>
      <package name="diadem-network-client.src.components.specialized.Users">
        <metrics statements="8" coveredstatements="8" conditionals="4" coveredconditionals="4" methods="4" coveredmethods="3"/>
        <file name="container.js" path="/home/cbresson/DEV/PERSO/QTUM/diadem-network-client/src/components/specialized/Users/container.js">
          <metrics statements="2" coveredstatements="2" conditionals="0" coveredconditionals="0" methods="2" coveredmethods="1"/>
          <line num="4" count="1" type="stmt"/>
          <line num="10" count="1" type="stmt"/>
        </file>
        <file name="index.js" path="/home/cbresson/DEV/PERSO/QTUM/diadem-network-client/src/components/specialized/Users/index.js">
          <metrics statements="6" coveredstatements="6" conditionals="4" coveredconditionals="4" methods="2" coveredmethods="2"/>
          <line num="10" count="1" type="stmt"/>
          <line num="11" count="7" type="stmt"/>
          <line num="23" count="6" type="stmt"/>
          <line num="31" count="1" type="stmt"/>
          <line num="35" count="1" type="stmt"/>
          <line num="41" count="1" type="stmt"/>
        </file>
      </package>
      <package name="diadem-network-client.src.components.specialized.Users.Item">
        <metrics statements="4" coveredstatements="4" conditionals="0" coveredconditionals="0" methods="1" coveredmethods="1"/>
        <file name="index.js" path="/home/cbresson/DEV/PERSO/QTUM/diadem-network-client/src/components/specialized/Users/Item/index.js">
          <metrics statements="4" coveredstatements="4" conditionals="0" coveredconditionals="0" methods="1" coveredmethods="1"/>
          <line num="9" count="2" type="stmt"/>
          <line num="10" count="3" type="stmt"/>
          <line num="23" count="2" type="stmt"/>
          <line num="30" count="2" type="stmt"/>
        </file>
      </package>
      <package name="diadem-network-client.src.helpers">
        <metrics statements="18" coveredstatements="18" conditionals="2" coveredconditionals="2" methods="4" coveredmethods="1"/>
        <file name="map-sort.js" path="/home/cbresson/DEV/PERSO/QTUM/diadem-network-client/src/helpers/map-sort.js">
          <metrics statements="15" coveredstatements="15" conditionals="2" coveredconditionals="2" methods="1" coveredmethods="1"/>
          <line num="3" count="2" type="stmt"/>
          <line num="4" count="1" type="stmt"/>
          <line num="5" count="1" type="stmt"/>
          <line num="6" count="1" type="stmt"/>
          <line num="8" count="1" type="stmt"/>
          <line num="9" count="5" type="stmt"/>
          <line num="10" count="5" type="cond" truecount="2" falsecount="0"/>
          <line num="11" count="1" type="stmt"/>
          <line num="12" count="1" type="stmt"/>
          <line num="14" count="4" type="stmt"/>
          <line num="18" count="1" type="stmt"/>
          <line num="19" count="4" type="stmt"/>
          <line num="20" count="4" type="stmt"/>
          <line num="21" count="4" type="stmt"/>
          <line num="24" count="1" type="stmt"/>
        </file>
        <file name="sort-by-time.js" path="/home/cbresson/DEV/PERSO/QTUM/diadem-network-client/src/helpers/sort-by-time.js">
          <metrics statements="3" coveredstatements="3" conditionals="0" coveredconditionals="0" methods="3" coveredmethods="0"/>
          <line num="4" count="1" type="stmt"/>
          <line num="6" count="1" type="stmt"/>
          <line num="7" count="1" type="stmt"/>
        </file>
      </package>
      <package name="diadem-network-client.src.modules">
        <metrics statements="12" coveredstatements="7" conditionals="7" coveredconditionals="0" methods="8" coveredmethods="2"/>
        <file name="selectors.js" path="/home/cbresson/DEV/PERSO/QTUM/diadem-network-client/src/modules/selectors.js">
          <metrics statements="0" coveredstatements="0" conditionals="0" coveredconditionals="0" methods="0" coveredmethods="0"/>
        </file>
        <file name="utils.js" path="/home/cbresson/DEV/PERSO/QTUM/diadem-network-client/src/modules/utils.js">
          <metrics statements="12" coveredstatements="7" conditionals="7" coveredconditionals="0" methods="8" coveredmethods="2"/>
          <line num="3" count="1" type="stmt"/>
          <line num="4" count="0" type="cond" truecount="0" falsecount="3"/>
          <line num="5" count="0" type="cond" truecount="0" falsecount="2"/>
          <line num="6" count="0" type="cond" truecount="0" falsecount="2"/>
          <line num="7" count="0" type="stmt"/>
          <line num="11" count="1" type="stmt"/>
          <line num="13" count="1" type="stmt"/>
          <line num="14" count="0" type="stmt"/>
          <line num="16" count="1" type="stmt"/>
          <line num="18" count="1" type="stmt"/>
          <line num="20" count="25" type="stmt"/>
          <line num="22" count="1" type="stmt"/>
        </file>
      </package>
      <package name="diadem-network-client.src.modules.achievement">
        <metrics statements="4" coveredstatements="4" conditionals="0" coveredconditionals="0" methods="0" coveredmethods="0"/>
        <file name="selectors.js" path="/home/cbresson/DEV/PERSO/QTUM/diadem-network-client/src/modules/achievement/selectors.js">
          <metrics statements="4" coveredstatements="4" conditionals="0" coveredconditionals="0" methods="0" coveredmethods="0"/>
          <line num="4" count="1" type="stmt"/>
          <line num="6" count="1" type="stmt"/>
          <line num="8" count="1" type="stmt"/>
          <line num="9" count="1" type="stmt"/>
        </file>
      </package>
      <package name="diadem-network-client.src.modules.achievements">
        <metrics statements="26" coveredstatements="9" conditionals="7" coveredconditionals="0" methods="4" coveredmethods="0"/>
        <file name="selectors.js" path="/home/cbresson/DEV/PERSO/QTUM/diadem-network-client/src/modules/achievements/selectors.js">
          <metrics statements="26" coveredstatements="9" conditionals="7" coveredconditionals="0" methods="4" coveredmethods="0"/>
          <line num="6" count="1" type="stmt"/>
          <line num="8" count="1" type="stmt"/>
          <line num="9" count="1" type="stmt"/>
          <line num="10" count="1" type="stmt"/>
          <line num="11" count="1" type="stmt"/>
          <line num="13" count="1" type="stmt"/>
          <line num="15" count="1" type="stmt"/>
          <line num="16" count="1" type="stmt"/>
          <line num="17" count="0" type="stmt"/>
          <line num="25" count="0" type="stmt"/>
          <line num="27" count="0" type="stmt"/>
          <line num="28" count="0" type="stmt"/>
          <line num="29" count="0" type="stmt"/>
          <line num="30" count="0" type="stmt"/>
          <line num="37" count="0" type="stmt"/>
          <line num="40" count="1" type="stmt"/>
          <line num="41" count="0" type="stmt"/>
          <line num="42" count="0" type="stmt"/>
          <line num="43" count="0" type="cond" truecount="0" falsecount="5"/>
          <line num="44" count="0" type="stmt"/>
          <line num="46" count="0" type="cond" truecount="0" falsecount="2"/>
          <line num="47" count="0" type="stmt"/>
          <line num="49" count="0" type="stmt"/>
          <line num="50" count="0" type="stmt"/>
          <line num="51" count="0" type="stmt"/>
          <line num="52" count="0" type="stmt"/>
        </file>
      </package>
      <package name="diadem-network-client.src.modules.facebook.login">
        <metrics statements="6" coveredstatements="6" conditionals="0" coveredconditionals="0" methods="0" coveredmethods="0"/>
        <file name="selectors.js" path="/home/cbresson/DEV/PERSO/QTUM/diadem-network-client/src/modules/facebook/login/selectors.js">
          <metrics statements="6" coveredstatements="6" conditionals="0" coveredconditionals="0" methods="0" coveredmethods="0"/>
          <line num="5" count="1" type="stmt"/>
          <line num="8" count="1" type="stmt"/>
          <line num="9" count="1" type="stmt"/>
          <line num="10" count="1" type="stmt"/>
          <line num="11" count="1" type="stmt"/>
          <line num="14" count="1" type="stmt"/>
        </file>
      </package>
      <package name="diadem-network-client.src.modules.facebook.registration">
        <metrics statements="2" coveredstatements="2" conditionals="0" coveredconditionals="0" methods="0" coveredmethods="0"/>
        <file name="selectors.js" path="/home/cbresson/DEV/PERSO/QTUM/diadem-network-client/src/modules/facebook/registration/selectors.js">
          <metrics statements="2" coveredstatements="2" conditionals="0" coveredconditionals="0" methods="0" coveredmethods="0"/>
          <line num="3" count="1" type="stmt"/>
          <line num="5" count="1" type="stmt"/>
        </file>
      </package>
      <package name="diadem-network-client.src.modules.transactions">
        <metrics statements="11" coveredstatements="8" conditionals="2" coveredconditionals="0" methods="2" coveredmethods="0"/>
        <file name="selectors.js" path="/home/cbresson/DEV/PERSO/QTUM/diadem-network-client/src/modules/transactions/selectors.js">
          <metrics statements="11" coveredstatements="8" conditionals="2" coveredconditionals="0" methods="2" coveredmethods="0"/>
          <line num="6" count="1" type="stmt"/>
          <line num="8" count="1" type="stmt"/>
          <line num="10" count="1" type="stmt"/>
          <line num="11" count="1" type="stmt"/>
          <line num="12" count="1" type="stmt"/>
          <line num="13" count="1" type="stmt"/>
          <line num="14" count="1" type="stmt"/>
          <line num="16" count="1" type="stmt"/>
          <line num="17" count="0" type="cond" truecount="0" falsecount="2"/>
          <line num="18" count="0" type="stmt"/>
          <line num="24" count="0" type="stmt"/>
        </file>
      </package>
      <package name="diadem-network-client.src.modules.ui.general">
        <metrics statements="2" coveredstatements="2" conditionals="0" coveredconditionals="0" methods="0" coveredmethods="0"/>
        <file name="selectors.js" path="/home/cbresson/DEV/PERSO/QTUM/diadem-network-client/src/modules/ui/general/selectors.js">
          <metrics statements="2" coveredstatements="2" conditionals="0" coveredconditionals="0" methods="0" coveredmethods="0"/>
          <line num="3" count="1" type="stmt"/>
          <line num="5" count="1" type="stmt"/>
        </file>
      </package>
      <package name="diadem-network-client.src.modules.ui.notifications">
        <metrics statements="1" coveredstatements="1" conditionals="0" coveredconditionals="0" methods="0" coveredmethods="0"/>
        <file name="selectors.js" path="/home/cbresson/DEV/PERSO/QTUM/diadem-network-client/src/modules/ui/notifications/selectors.js">
          <metrics statements="1" coveredstatements="1" conditionals="0" coveredconditionals="0" methods="0" coveredmethods="0"/>
          <line num="3" count="1" type="stmt"/>
        </file>
      </package>
      <package name="diadem-network-client.src.modules.users">
        <metrics statements="4" coveredstatements="4" conditionals="0" coveredconditionals="0" methods="1" coveredmethods="0"/>
        <file name="selectors.js" path="/home/cbresson/DEV/PERSO/QTUM/diadem-network-client/src/modules/users/selectors.js">
          <metrics statements="4" coveredstatements="4" conditionals="0" coveredconditionals="0" methods="1" coveredmethods="0"/>
          <line num="5" count="1" type="stmt"/>
          <line num="7" count="1" type="stmt"/>
          <line num="8" count="1" type="stmt"/>
          <line num="9" count="1" type="stmt"/>
        </file>
      </package>
      <package name="diadem-network-client.src.modules.wallets.qtum">
        <metrics statements="14" coveredstatements="14" conditionals="0" coveredconditionals="0" methods="0" coveredmethods="0"/>
        <file name="selectors.js" path="/home/cbresson/DEV/PERSO/QTUM/diadem-network-client/src/modules/wallets/qtum/selectors.js">
          <metrics statements="14" coveredstatements="14" conditionals="0" coveredconditionals="0" methods="0" coveredmethods="0"/>
          <line num="5" count="1" type="stmt"/>
          <line num="7" count="1" type="stmt"/>
          <line num="8" count="1" type="stmt"/>
          <line num="9" count="1" type="stmt"/>
          <line num="10" count="1" type="stmt"/>
          <line num="13" count="1" type="stmt"/>
          <line num="14" count="1" type="stmt"/>
          <line num="15" count="1" type="stmt"/>
          <line num="18" count="1" type="stmt"/>
          <line num="19" count="1" type="stmt"/>
          <line num="20" count="1" type="stmt"/>
          <line num="21" count="1" type="stmt"/>
          <line num="24" count="1" type="stmt"/>
          <line num="26" count="1" type="stmt"/>
        </file>
      </package>
    </metrics>
  </project>
</coverage>
