<?xml version="1.0" encoding="UTF-8"?>
<coverage generated="1542639595206" clover="3.2.0">
  <project timestamp="1542639595207" name="All files">
    <metrics statements="16" coveredstatements="16" conditionals="2" coveredconditionals="2" methods="1" coveredmethods="1" elements="19" coveredelements="19" complexity="0" loc="16" ncloc="16" packages="2" files="2" classes="2">
      <package name="diadem-network-client">
        <metrics statements="1" coveredstatements="1" conditionals="0" coveredconditionals="0" methods="0" coveredmethods="0"/>
        <file name="setupTests.js" path="/home/cbresson/DEV/PERSO/QTUM/diadem-network-client/setupTests.js">
          <metrics statements="1" coveredstatements="1" conditionals="0" coveredconditionals="0" methods="0" coveredmethods="0"/>
          <line num="4" count="1" type="stmt"/>
        </file>
      </package>
      <package name="diadem-network-client.src.helpers">
        <metrics statements="15" coveredstatements="15" conditionals="2" coveredconditionals="2" methods="1" coveredmethods="1"/>
        <file name="map-sort.js" path="/home/cbresson/DEV/PERSO/QTUM/diadem-network-client/src/helpers/map-sort.js">
          <metrics statements="15" coveredstatements="15" conditionals="2" coveredconditionals="2" methods="1" coveredmethods="1"/>
          <line num="3" count="1" type="stmt"/>
          <line num="4" count="1" type="stmt"/>
          <line num="5" count="1" type="stmt"/>
          <line num="6" count="1" type="stmt"/>
          <line num="8" count="1" type="stmt"/>
          <line num="9" count="5" type="stmt"/>
          <line num="10" count="5" type="cond" truecount="2" falsecount="0"/>
          <line num="11" count="1" type="stmt"/>
          <line num="12" count="1" type="stmt"/>
          <line num="14" count="4" type="stmt"/>
          <line num="18" count="1" type="stmt"/>
          <line num="19" count="4" type="stmt"/>
          <line num="20" count="4" type="stmt"/>
          <line num="21" count="4" type="stmt"/>
          <line num="24" count="1" type="stmt"/>
        </file>
      </package>
    </metrics>
  </project>
</coverage>
