{"/home/cbresson/DEV/PERSO/QTUM/diadem-network-client/setupTests.js": {"path":"/home/cbresson/DEV/PERSO/QTUM/diadem-network-client/setupTests.js","statementMap":{"0":{"start":{"line":4,"column":0},"end":{"line":4,"column":37}}},"fnMap":{},"branchMap":{},"s":{"0":1},"f":{},"b":{},"_coverageSchema":"332fd63041d2c1bcb487cc26dd0d5f7d97098a6c","hash":"db90a49c8245733f544511b946949eaefaccc136"}
,"/home/cbresson/DEV/PERSO/QTUM/diadem-network-client/src/helpers/map-sort.js": {"path":"/home/cbresson/DEV/PERSO/QTUM/diadem-network-client/src/helpers/map-sort.js","statementMap":{"0":{"start":{"line":3,"column":16},"end":{"line":25,"column":1}},"1":{"start":{"line":4,"column":21},"end":{"line":4,"column":23}},"2":{"start":{"line":5,"column":14},"end":{"line":5,"column":23}},"3":{"start":{"line":6,"column":19},"end":{"line":6,"column":23}},"4":{"start":{"line":8,"column":2},"end":{"line":16,"column":3}},"5":{"start":{"line":9,"column":17},"end":{"line":9,"column":30}},"6":{"start":{"line":10,"column":4},"end":{"line":15,"column":5}},"7":{"start":{"line":11,"column":6},"end":{"line":11,"column":28}},"8":{"start":{"line":12,"column":6},"end":{"line":12,"column":27}},"9":{"start":{"line":14,"column":6},"end":{"line":14,"column":35}},"10":{"start":{"line":18,"column":2},"end":{"line":22,"column":3}},"11":{"start":{"line":19,"column":21},"end":{"line":19,"column":52}},"12":{"start":{"line":20,"column":4},"end":{"line":20,"column":29}},"13":{"start":{"line":21,"column":4},"end":{"line":21,"column":30}},"14":{"start":{"line":24,"column":2},"end":{"line":24,"column":19}}},"fnMap":{"0":{"name":"(anonymous_0)","decl":{"start":{"line":3,"column":16},"end":{"line":3,"column":17}},"loc":{"start":{"line":3,"column":54},"end":{"line":25,"column":1}},"line":3}},"branchMap":{"0":{"loc":{"start":{"line":10,"column":4},"end":{"line":15,"column":5}},"type":"if","locations":[{"start":{"line":10,"column":4},"end":{"line":15,"column":5}},{"start":{"line":10,"column":4},"end":{"line":15,"column":5}}],"line":10}},"s":{"0":1,"1":1,"2":1,"3":1,"4":1,"5":5,"6":5,"7":1,"8":1,"9":4,"10":1,"11":4,"12":4,"13":4,"14":1},"f":{"0":1},"b":{"0":[1,4]},"_coverageSchema":"332fd63041d2c1bcb487cc26dd0d5f7d97098a6c","hash":"f22e08c1870c3056f48694dc46f904fbef88b8ce"}
}
