{"/home/cbresson/DEV/PERSO/QTUM/diadem-network-client/setupTests.js": {"path":"/home/cbresson/DEV/PERSO/QTUM/diadem-network-client/setupTests.js","statementMap":{"0":{"start":{"line":4,"column":0},"end":{"line":4,"column":37}}},"fnMap":{},"branchMap":{},"s":{"0":3},"f":{},"b":{},"_coverageSchema":"332fd63041d2c1bcb487cc26dd0d5f7d97098a6c","hash":"db90a49c8245733f544511b946949eaefaccc136"}
,"/home/cbresson/DEV/PERSO/QTUM/diadem-network-client/src/components/Users/container.js": {"path":"/home/cbresson/DEV/PERSO/QTUM/diadem-network-client/src/components/Users/container.js","statementMap":{"0":{"start":{"line":4,"column":24},"end":{"line":7,"column":2}},"1":{"start":{"line":4,"column":36},"end":{"line":7,"column":1}},"2":{"start":{"line":10,"column":2},"end":{"line":10,"column":44}}},"fnMap":{"0":{"name":"(anonymous_0)","decl":{"start":{"line":4,"column":24},"end":{"line":4,"column":25}},"loc":{"start":{"line":4,"column":36},"end":{"line":7,"column":1}},"line":4},"1":{"name":"(anonymous_1)","decl":{"start":{"line":9,"column":15},"end":{"line":9,"column":16}},"loc":{"start":{"line":10,"column":2},"end":{"line":10,"column":44}},"line":10}},"branchMap":{},"s":{"0":1,"1":0,"2":1},"f":{"0":0,"1":1},"b":{},"_coverageSchema":"332fd63041d2c1bcb487cc26dd0d5f7d97098a6c","hash":"75dcf57ea96f0ab2cdae1c5b292d3e7fbcc3a608"}
,"/home/cbresson/DEV/PERSO/QTUM/diadem-network-client/src/components/Users/index.js": {"path":"/home/cbresson/DEV/PERSO/QTUM/diadem-network-client/src/components/Users/index.js","statementMap":{"0":{"start":{"line":10,"column":14},"end":{"line":28,"column":1}},"1":{"start":{"line":11,"column":2},"end":{"line":27,"column":9}},"2":{"start":{"line":22,"column":12},"end":{"line":22,"column":42}},"3":{"start":{"line":30,"column":0},"end":{"line":32,"column":1}},"4":{"start":{"line":34,"column":0},"end":{"line":38,"column":1}},"5":{"start":{"line":40,"column":25},"end":{"line":40,"column":30}}},"fnMap":{"0":{"name":"(anonymous_0)","decl":{"start":{"line":10,"column":14},"end":{"line":10,"column":15}},"loc":{"start":{"line":11,"column":2},"end":{"line":27,"column":9}},"line":11},"1":{"name":"(anonymous_1)","decl":{"start":{"line":21,"column":21},"end":{"line":21,"column":22}},"loc":{"start":{"line":22,"column":12},"end":{"line":22,"column":42}},"line":22}},"branchMap":{"0":{"loc":{"start":{"line":14,"column":7},"end":{"line":25,"column":7}},"type":"cond-expr","locations":[{"start":{"line":15,"column":8},"end":{"line":18,"column":21}},{"start":{"line":20,"column":8},"end":{"line":24,"column":15}}],"line":14},"1":{"loc":{"start":{"line":17,"column":13},"end":{"line":17,"column":78}},"type":"cond-expr","locations":[{"start":{"line":17,"column":43},"end":{"line":17,"column":55}},{"start":{"line":17,"column":58},"end":{"line":17,"column":78}}],"line":17}},"s":{"0":1,"1":5,"2":4,"3":1,"4":1,"5":1},"f":{"0":5,"1":4},"b":{"0":[3,2],"1":[1,2]},"_coverageSchema":"332fd63041d2c1bcb487cc26dd0d5f7d97098a6c","hash":"7a1d969963d5160880aff091168574d3cde1e2f0"}
,"/home/cbresson/DEV/PERSO/QTUM/diadem-network-client/src/components/Users/Item/index.js": {"path":"/home/cbresson/DEV/PERSO/QTUM/diadem-network-client/src/components/Users/Item/index.js","statementMap":{"0":{"start":{"line":9,"column":17},"end":{"line":21,"column":1}},"1":{"start":{"line":10,"column":2},"end":{"line":20,"column":13}},"2":{"start":{"line":23,"column":0},"end":{"line":28,"column":1}},"3":{"start":{"line":30,"column":0},"end":{"line":32,"column":1}}},"fnMap":{"0":{"name":"(anonymous_0)","decl":{"start":{"line":9,"column":17},"end":{"line":9,"column":18}},"loc":{"start":{"line":10,"column":2},"end":{"line":20,"column":13}},"line":10}},"branchMap":{},"s":{"0":2,"1":1,"2":2,"3":2},"f":{"0":1},"b":{},"_coverageSchema":"332fd63041d2c1bcb487cc26dd0d5f7d97098a6c","hash":"2d00bef14924f56d0a201fafa770c409d634cc78"}
,"/home/cbresson/DEV/PERSO/QTUM/diadem-network-client/src/helpers/map-sort.js": {"path":"/home/cbresson/DEV/PERSO/QTUM/diadem-network-client/src/helpers/map-sort.js","statementMap":{"0":{"start":{"line":3,"column":16},"end":{"line":25,"column":1}},"1":{"start":{"line":4,"column":21},"end":{"line":4,"column":23}},"2":{"start":{"line":5,"column":14},"end":{"line":5,"column":23}},"3":{"start":{"line":6,"column":19},"end":{"line":6,"column":23}},"4":{"start":{"line":8,"column":2},"end":{"line":16,"column":3}},"5":{"start":{"line":9,"column":17},"end":{"line":9,"column":30}},"6":{"start":{"line":10,"column":4},"end":{"line":15,"column":5}},"7":{"start":{"line":11,"column":6},"end":{"line":11,"column":28}},"8":{"start":{"line":12,"column":6},"end":{"line":12,"column":27}},"9":{"start":{"line":14,"column":6},"end":{"line":14,"column":35}},"10":{"start":{"line":18,"column":2},"end":{"line":22,"column":3}},"11":{"start":{"line":19,"column":21},"end":{"line":19,"column":52}},"12":{"start":{"line":20,"column":4},"end":{"line":20,"column":29}},"13":{"start":{"line":21,"column":4},"end":{"line":21,"column":30}},"14":{"start":{"line":24,"column":2},"end":{"line":24,"column":19}}},"fnMap":{"0":{"name":"(anonymous_0)","decl":{"start":{"line":3,"column":16},"end":{"line":3,"column":17}},"loc":{"start":{"line":3,"column":54},"end":{"line":25,"column":1}},"line":3}},"branchMap":{"0":{"loc":{"start":{"line":10,"column":4},"end":{"line":15,"column":5}},"type":"if","locations":[{"start":{"line":10,"column":4},"end":{"line":15,"column":5}},{"start":{"line":10,"column":4},"end":{"line":15,"column":5}}],"line":10}},"s":{"0":2,"1":1,"2":1,"3":1,"4":1,"5":5,"6":5,"7":1,"8":1,"9":4,"10":1,"11":4,"12":4,"13":4,"14":1},"f":{"0":1},"b":{"0":[1,4]},"_coverageSchema":"332fd63041d2c1bcb487cc26dd0d5f7d97098a6c","hash":"f22e08c1870c3056f48694dc46f904fbef88b8ce"}
,"/home/cbresson/DEV/PERSO/QTUM/diadem-network-client/src/helpers/sort-by-time.js": {"path":"/home/cbresson/DEV/PERSO/QTUM/diadem-network-client/src/helpers/sort-by-time.js","statementMap":{"0":{"start":{"line":4,"column":19},"end":{"line":4,"column":43}},"1":{"start":{"line":4,"column":24},"end":{"line":4,"column":43}},"2":{"start":{"line":6,"column":22},"end":{"line":6,"column":99}},"3":{"start":{"line":6,"column":39},"end":{"line":6,"column":98}},"4":{"start":{"line":7,"column":23},"end":{"line":7,"column":100}},"5":{"start":{"line":7,"column":40},"end":{"line":7,"column":99}}},"fnMap":{"0":{"name":"(anonymous_0)","decl":{"start":{"line":4,"column":19},"end":{"line":4,"column":20}},"loc":{"start":{"line":4,"column":24},"end":{"line":4,"column":43}},"line":4},"1":{"name":"(anonymous_1)","decl":{"start":{"line":6,"column":29},"end":{"line":6,"column":30}},"loc":{"start":{"line":6,"column":39},"end":{"line":6,"column":98}},"line":6},"2":{"name":"(anonymous_2)","decl":{"start":{"line":7,"column":30},"end":{"line":7,"column":31}},"loc":{"start":{"line":7,"column":40},"end":{"line":7,"column":99}},"line":7}},"branchMap":{},"s":{"0":1,"1":0,"2":1,"3":0,"4":1,"5":0},"f":{"0":0,"1":0,"2":0},"b":{},"_coverageSchema":"332fd63041d2c1bcb487cc26dd0d5f7d97098a6c","hash":"574f9ee682cba433c68fba68a0e49ec009465c19"}
,"/home/cbresson/DEV/PERSO/QTUM/diadem-network-client/src/modules/selectors.js": {"path":"/home/cbresson/DEV/PERSO/QTUM/diadem-network-client/src/modules/selectors.js","statementMap":{},"fnMap":{},"branchMap":{},"s":{},"f":{},"b":{},"_coverageSchema":"332fd63041d2c1bcb487cc26dd0d5f7d97098a6c","hash":"f826478a5b8792de8e7b3b2d61640636672f8bed"}
,"/home/cbresson/DEV/PERSO/QTUM/diadem-network-client/src/modules/utils.js": {"path":"/home/cbresson/DEV/PERSO/QTUM/diadem-network-client/src/modules/utils.js","statementMap":{"0":{"start":{"line":3,"column":21},"end":{"line":9,"column":2}},"1":{"start":{"line":4,"column":2},"end":{"line":8,"column":3}},"2":{"start":{"line":5,"column":52},"end":{"line":5,"column":82}},"3":{"start":{"line":6,"column":54},"end":{"line":6,"column":92}},"4":{"start":{"line":7,"column":13},"end":{"line":7,"column":26}},"5":{"start":{"line":11,"column":21},"end":{"line":11,"column":68}},"6":{"start":{"line":13,"column":32},"end":{"line":14,"column":102}},"7":{"start":{"line":14,"column":2},"end":{"line":14,"column":102}},"8":{"start":{"line":14,"column":26},"end":{"line":14,"column":83}},"9":{"start":{"line":16,"column":28},"end":{"line":16,"column":69}},"10":{"start":{"line":16,"column":36},"end":{"line":16,"column":69}},"11":{"start":{"line":16,"column":48},"end":{"line":16,"column":68}},"12":{"start":{"line":18,"column":34},"end":{"line":18,"column":63}},"13":{"start":{"line":20,"column":34},"end":{"line":20,"column":88}},"14":{"start":{"line":20,"column":48},"end":{"line":20,"column":88}},"15":{"start":{"line":20,"column":58},"end":{"line":20,"column":88}},"16":{"start":{"line":22,"column":26},"end":{"line":25,"column":1}},"17":{"start":{"line":22,"column":37},"end":{"line":25,"column":1}}},"fnMap":{"0":{"name":"(anonymous_0)","decl":{"start":{"line":3,"column":37},"end":{"line":3,"column":38}},"loc":{"start":{"line":3,"column":56},"end":{"line":9,"column":1}},"line":3},"1":{"name":"(anonymous_1)","decl":{"start":{"line":13,"column":32},"end":{"line":13,"column":33}},"loc":{"start":{"line":14,"column":2},"end":{"line":14,"column":102}},"line":14},"2":{"name":"(anonymous_2)","decl":{"start":{"line":14,"column":11},"end":{"line":14,"column":12}},"loc":{"start":{"line":14,"column":26},"end":{"line":14,"column":83}},"line":14},"3":{"name":"(anonymous_3)","decl":{"start":{"line":16,"column":28},"end":{"line":16,"column":29}},"loc":{"start":{"line":16,"column":36},"end":{"line":16,"column":69}},"line":16},"4":{"name":"(anonymous_4)","decl":{"start":{"line":16,"column":36},"end":{"line":16,"column":37}},"loc":{"start":{"line":16,"column":48},"end":{"line":16,"column":68}},"line":16},"5":{"name":"(anonymous_5)","decl":{"start":{"line":20,"column":34},"end":{"line":20,"column":35}},"loc":{"start":{"line":20,"column":48},"end":{"line":20,"column":88}},"line":20},"6":{"name":"(anonymous_6)","decl":{"start":{"line":20,"column":48},"end":{"line":20,"column":49}},"loc":{"start":{"line":20,"column":58},"end":{"line":20,"column":88}},"line":20},"7":{"name":"(anonymous_7)","decl":{"start":{"line":22,"column":26},"end":{"line":22,"column":27}},"loc":{"start":{"line":22,"column":37},"end":{"line":25,"column":1}},"line":22}},"branchMap":{"0":{"loc":{"start":{"line":4,"column":2},"end":{"line":8,"column":3}},"type":"switch","locations":[{"start":{"line":5,"column":4},"end":{"line":5,"column":82}},{"start":{"line":6,"column":4},"end":{"line":6,"column":92}},{"start":{"line":7,"column":4},"end":{"line":7,"column":26}}],"line":4},"1":{"loc":{"start":{"line":5,"column":9},"end":{"line":5,"column":50}},"type":"binary-expr","locations":[{"start":{"line":5,"column":9},"end":{"line":5,"column":27}},{"start":{"line":5,"column":31},"end":{"line":5,"column":50}}],"line":5},"2":{"loc":{"start":{"line":6,"column":9},"end":{"line":6,"column":52}},"type":"binary-expr","locations":[{"start":{"line":6,"column":9},"end":{"line":6,"column":28}},{"start":{"line":6,"column":32},"end":{"line":6,"column":52}}],"line":6}},"s":{"0":1,"1":0,"2":0,"3":0,"4":0,"5":1,"6":1,"7":0,"8":0,"9":1,"10":0,"11":0,"12":1,"13":1,"14":8,"15":25,"16":1,"17":0},"f":{"0":0,"1":0,"2":0,"3":0,"4":0,"5":8,"6":25,"7":0},"b":{"0":[0,0,0],"1":[0,0],"2":[0,0]},"_coverageSchema":"332fd63041d2c1bcb487cc26dd0d5f7d97098a6c","hash":"bee27595c51fc003a98a3fa218c1ae23293f4d59"}
,"/home/cbresson/DEV/PERSO/QTUM/diadem-network-client/src/modules/achievement/selectors.js": {"path":"/home/cbresson/DEV/PERSO/QTUM/diadem-network-client/src/modules/achievement/selectors.js","statementMap":{"0":{"start":{"line":4,"column":23},"end":{"line":4,"column":58}},"1":{"start":{"line":6,"column":28},"end":{"line":6,"column":60}},"2":{"start":{"line":8,"column":27},"end":{"line":8,"column":59}},"3":{"start":{"line":9,"column":24},"end":{"line":9,"column":59}}},"fnMap":{},"branchMap":{},"s":{"0":1,"1":1,"2":1,"3":1},"f":{},"b":{},"_coverageSchema":"332fd63041d2c1bcb487cc26dd0d5f7d97098a6c","hash":"21e277cd7f74a45b1eeebf3b55e7ddb8d6b3c65b"}
,"/home/cbresson/DEV/PERSO/QTUM/diadem-network-client/src/modules/achievements/selectors.js": {"path":"/home/cbresson/DEV/PERSO/QTUM/diadem-network-client/src/modules/achievements/selectors.js","statementMap":{"0":{"start":{"line":6,"column":24},"end":{"line":6,"column":60}},"1":{"start":{"line":8,"column":27},"end":{"line":8,"column":59}},"2":{"start":{"line":9,"column":20},"end":{"line":9,"column":110}},"3":{"start":{"line":10,"column":21},"end":{"line":10,"column":53}},"4":{"start":{"line":11,"column":25},"end":{"line":11,"column":55}},"5":{"start":{"line":13,"column":24},"end":{"line":13,"column":75}},"6":{"start":{"line":15,"column":23},"end":{"line":15,"column":64}},"7":{"start":{"line":16,"column":29},"end":{"line":38,"column":3}},"8":{"start":{"line":17,"column":15},"end":{"line":23,"column":23}},"9":{"start":{"line":25,"column":2},"end":{"line":36,"column":23}},"10":{"start":{"line":27,"column":32},"end":{"line":27,"column":84}},"11":{"start":{"line":28,"column":19},"end":{"line":28,"column":49}},"12":{"start":{"line":29,"column":32},"end":{"line":29,"column":58}},"13":{"start":{"line":30,"column":6},"end":{"line":30,"column":70}},"14":{"start":{"line":37,"column":2},"end":{"line":37,"column":15}},"15":{"start":{"line":40,"column":47},"end":{"line":58,"column":1}},"16":{"start":{"line":40,"column":68},"end":{"line":58,"column":1}},"17":{"start":{"line":41,"column":27},"end":{"line":41,"column":41}},"18":{"start":{"line":42,"column":27},"end":{"line":42,"column":47}},"19":{"start":{"line":43,"column":2},"end":{"line":45,"column":3}},"20":{"start":{"line":44,"column":4},"end":{"line":44,"column":15}},"21":{"start":{"line":46,"column":2},"end":{"line":57,"column":3}},"22":{"start":{"line":47,"column":4},"end":{"line":47,"column":15}},"23":{"start":{"line":49,"column":34},"end":{"line":49,"column":81}},"24":{"start":{"line":50,"column":20},"end":{"line":50,"column":79}},"25":{"start":{"line":51,"column":19},"end":{"line":51,"column":76}},"26":{"start":{"line":52,"column":4},"end":{"line":56,"column":29}}},"fnMap":{"0":{"name":"(anonymous_0)","decl":{"start":{"line":16,"column":79},"end":{"line":16,"column":80}},"loc":{"start":{"line":16,"column":103},"end":{"line":38,"column":1}},"line":16},"1":{"name":"(anonymous_1)","decl":{"start":{"line":26,"column":14},"end":{"line":26,"column":15}},"loc":{"start":{"line":26,"column":24},"end":{"line":31,"column":5}},"line":26},"2":{"name":"(anonymous_2)","decl":{"start":{"line":40,"column":47},"end":{"line":40,"column":48}},"loc":{"start":{"line":40,"column":68},"end":{"line":58,"column":1}},"line":40},"3":{"name":"(anonymous_3)","decl":{"start":{"line":40,"column":68},"end":{"line":40,"column":69}},"loc":{"start":{"line":40,"column":79},"end":{"line":58,"column":1}},"line":40}},"branchMap":{"0":{"loc":{"start":{"line":43,"column":2},"end":{"line":45,"column":3}},"type":"if","locations":[{"start":{"line":43,"column":2},"end":{"line":45,"column":3}},{"start":{"line":43,"column":2},"end":{"line":45,"column":3}}],"line":43},"1":{"loc":{"start":{"line":43,"column":6},"end":{"line":43,"column":83}},"type":"binary-expr","locations":[{"start":{"line":43,"column":6},"end":{"line":43,"column":22}},{"start":{"line":43,"column":26},"end":{"line":43,"column":56}},{"start":{"line":43,"column":60},"end":{"line":43,"column":83}}],"line":43},"2":{"loc":{"start":{"line":46,"column":2},"end":{"line":57,"column":3}},"type":"if","locations":[{"start":{"line":46,"column":2},"end":{"line":57,"column":3}},{"start":{"line":46,"column":2},"end":{"line":57,"column":3}}],"line":46}},"s":{"0":1,"1":1,"2":1,"3":1,"4":1,"5":1,"6":1,"7":1,"8":0,"9":0,"10":0,"11":0,"12":0,"13":0,"14":0,"15":1,"16":0,"17":0,"18":0,"19":0,"20":0,"21":0,"22":0,"23":0,"24":0,"25":0,"26":0},"f":{"0":0,"1":0,"2":0,"3":0},"b":{"0":[0,0],"1":[0,0,0],"2":[0,0]},"_coverageSchema":"332fd63041d2c1bcb487cc26dd0d5f7d97098a6c","hash":"81e382c316fb504ce486e23b63510af3b30c2015"}
,"/home/cbresson/DEV/PERSO/QTUM/diadem-network-client/src/modules/facebook/login/selectors.js": {"path":"/home/cbresson/DEV/PERSO/QTUM/diadem-network-client/src/modules/facebook/login/selectors.js","statementMap":{"0":{"start":{"line":5,"column":16},"end":{"line":5,"column":65}},"1":{"start":{"line":8,"column":22},"end":{"line":8,"column":41}},"2":{"start":{"line":9,"column":20},"end":{"line":9,"column":37}},"3":{"start":{"line":10,"column":27},"end":{"line":10,"column":51}},"4":{"start":{"line":11,"column":26},"end":{"line":11,"column":61}},"5":{"start":{"line":14,"column":24},"end":{"line":14,"column":62}}},"fnMap":{},"branchMap":{},"s":{"0":1,"1":1,"2":1,"3":1,"4":1,"5":1},"f":{},"b":{},"_coverageSchema":"332fd63041d2c1bcb487cc26dd0d5f7d97098a6c","hash":"ce06360ffa92ade0e8d828fa4b1f94d8d3e779d2"}
,"/home/cbresson/DEV/PERSO/QTUM/diadem-network-client/src/modules/facebook/registration/selectors.js": {"path":"/home/cbresson/DEV/PERSO/QTUM/diadem-network-client/src/modules/facebook/registration/selectors.js","statementMap":{"0":{"start":{"line":3,"column":32},"end":{"line":3,"column":80}},"1":{"start":{"line":5,"column":28},"end":{"line":5,"column":69}}},"fnMap":{},"branchMap":{},"s":{"0":1,"1":1},"f":{},"b":{},"_coverageSchema":"332fd63041d2c1bcb487cc26dd0d5f7d97098a6c","hash":"47768fde7c7c4a52dd415524fd468a032a39c87b"}
,"/home/cbresson/DEV/PERSO/QTUM/diadem-network-client/src/modules/transactions/selectors.js": {"path":"/home/cbresson/DEV/PERSO/QTUM/diadem-network-client/src/modules/transactions/selectors.js","statementMap":{"0":{"start":{"line":6,"column":24},"end":{"line":6,"column":60}},"1":{"start":{"line":8,"column":16},"end":{"line":8,"column":41}},"2":{"start":{"line":10,"column":20},"end":{"line":10,"column":61}},"3":{"start":{"line":11,"column":21},"end":{"line":11,"column":56}},"4":{"start":{"line":12,"column":23},"end":{"line":12,"column":51}},"5":{"start":{"line":13,"column":25},"end":{"line":13,"column":55}},"6":{"start":{"line":14,"column":27},"end":{"line":14,"column":59}},"7":{"start":{"line":16,"column":27},"end":{"line":25,"column":1}},"8":{"start":{"line":16,"column":37},"end":{"line":25,"column":1}},"9":{"start":{"line":17,"column":2},"end":{"line":17,"column":28}},"10":{"start":{"line":17,"column":17},"end":{"line":17,"column":26}},"11":{"start":{"line":18,"column":17},"end":{"line":23,"column":10}},"12":{"start":{"line":24,"column":2},"end":{"line":24,"column":15}}},"fnMap":{"0":{"name":"(anonymous_0)","decl":{"start":{"line":16,"column":27},"end":{"line":16,"column":28}},"loc":{"start":{"line":16,"column":37},"end":{"line":25,"column":1}},"line":16},"1":{"name":"(anonymous_1)","decl":{"start":{"line":16,"column":37},"end":{"line":16,"column":38}},"loc":{"start":{"line":16,"column":48},"end":{"line":25,"column":1}},"line":16}},"branchMap":{"0":{"loc":{"start":{"line":17,"column":2},"end":{"line":17,"column":28}},"type":"if","locations":[{"start":{"line":17,"column":2},"end":{"line":17,"column":28}},{"start":{"line":17,"column":2},"end":{"line":17,"column":28}}],"line":17}},"s":{"0":1,"1":1,"2":1,"3":1,"4":1,"5":1,"6":1,"7":1,"8":0,"9":0,"10":0,"11":0,"12":0},"f":{"0":0,"1":0},"b":{"0":[0,0]},"_coverageSchema":"332fd63041d2c1bcb487cc26dd0d5f7d97098a6c","hash":"ac9760323e2b221796d4435df0be0c55850ba5f3"}
,"/home/cbresson/DEV/PERSO/QTUM/diadem-network-client/src/modules/ui/general/selectors.js": {"path":"/home/cbresson/DEV/PERSO/QTUM/diadem-network-client/src/modules/ui/general/selectors.js","statementMap":{"0":{"start":{"line":3,"column":21},"end":{"line":3,"column":58}},"1":{"start":{"line":5,"column":27},"end":{"line":5,"column":56}}},"fnMap":{},"branchMap":{},"s":{"0":1,"1":1},"f":{},"b":{},"_coverageSchema":"332fd63041d2c1bcb487cc26dd0d5f7d97098a6c","hash":"06f0404e9b9f1c57cc5eab0b33892930632f4b42"}
,"/home/cbresson/DEV/PERSO/QTUM/diadem-network-client/src/modules/ui/notifications/selectors.js": {"path":"/home/cbresson/DEV/PERSO/QTUM/diadem-network-client/src/modules/ui/notifications/selectors.js","statementMap":{"0":{"start":{"line":3,"column":20},"end":{"line":3,"column":51}}},"fnMap":{},"branchMap":{},"s":{"0":1},"f":{},"b":{},"_coverageSchema":"332fd63041d2c1bcb487cc26dd0d5f7d97098a6c","hash":"954ba0ddce155cbe5e4b12f6f7a04f7319ca1672"}
,"/home/cbresson/DEV/PERSO/QTUM/diadem-network-client/src/modules/users/selectors.js": {"path":"/home/cbresson/DEV/PERSO/QTUM/diadem-network-client/src/modules/users/selectors.js","statementMap":{"0":{"start":{"line":5,"column":17},"end":{"line":5,"column":46}},"1":{"start":{"line":7,"column":20},"end":{"line":7,"column":38}},"2":{"start":{"line":8,"column":27},"end":{"line":8,"column":52}},"3":{"start":{"line":9,"column":39},"end":{"line":11,"column":2}},"4":{"start":{"line":9,"column":59},"end":{"line":11,"column":2}}},"fnMap":{"0":{"name":"(anonymous_0)","decl":{"start":{"line":9,"column":39},"end":{"line":9,"column":40}},"loc":{"start":{"line":9,"column":59},"end":{"line":11,"column":2}},"line":9}},"branchMap":{},"s":{"0":1,"1":1,"2":1,"3":1,"4":0},"f":{"0":0},"b":{},"_coverageSchema":"332fd63041d2c1bcb487cc26dd0d5f7d97098a6c","hash":"b522374748e3581e6a16b7260679bf21c873c1b3"}
,"/home/cbresson/DEV/PERSO/QTUM/diadem-network-client/src/modules/wallets/qtum/selectors.js": {"path":"/home/cbresson/DEV/PERSO/QTUM/diadem-network-client/src/modules/wallets/qtum/selectors.js","statementMap":{"0":{"start":{"line":5,"column":16},"end":{"line":5,"column":55}},"1":{"start":{"line":7,"column":20},"end":{"line":7,"column":37}},"2":{"start":{"line":8,"column":20},"end":{"line":8,"column":37}},"3":{"start":{"line":9,"column":30},"end":{"line":9,"column":57}},"4":{"start":{"line":10,"column":33},"end":{"line":10,"column":63}},"5":{"start":{"line":13,"column":24},"end":{"line":13,"column":45}},"6":{"start":{"line":14,"column":26},"end":{"line":14,"column":49}},"7":{"start":{"line":15,"column":25},"end":{"line":15,"column":47}},"8":{"start":{"line":18,"column":23},"end":{"line":18,"column":64}},"9":{"start":{"line":19,"column":23},"end":{"line":19,"column":51}},"10":{"start":{"line":20,"column":34},"end":{"line":20,"column":86}},"11":{"start":{"line":21,"column":28},"end":{"line":21,"column":74}},"12":{"start":{"line":24,"column":22},"end":{"line":24,"column":41}},"13":{"start":{"line":26,"column":23},"end":{"line":26,"column":126}}},"fnMap":{},"branchMap":{},"s":{"0":1,"1":1,"2":1,"3":1,"4":1,"5":1,"6":1,"7":1,"8":1,"9":1,"10":1,"11":1,"12":1,"13":1},"f":{},"b":{},"_coverageSchema":"332fd63041d2c1bcb487cc26dd0d5f7d97098a6c","hash":"8cc829269e1c8d3d9d52df9c961e3a4093a68f98"}
}
