TN:
SF:/home/cbresson/DEV/PERSO/QTUM/diadem-network-client/setupTests.js
FNF:0
FNH:0
DA:4,3
LF:1
LH:1
BRF:0
BRH:0
end_of_record
TN:
SF:/home/cbresson/DEV/PERSO/QTUM/diadem-network-client/src/components/Users/container.js
FN:4,(anonymous_0)
FN:9,(anonymous_1)
FNF:2
FNH:1
FNDA:0,(anonymous_0)
FNDA:1,(anonymous_1)
DA:4,1
DA:10,1
LF:2
LH:2
BRF:0
BRH:0
end_of_record
TN:
SF:/home/cbresson/DEV/PERSO/QTUM/diadem-network-client/src/components/Users/index.js
FN:10,(anonymous_0)
FN:21,(anonymous_1)
FNF:2
FNH:2
FNDA:5,(anonymous_0)
FNDA:4,(anonymous_1)
DA:10,1
DA:11,5
DA:22,4
DA:30,1
DA:34,1
DA:40,1
LF:6
LH:6
BRDA:14,0,0,3
BRDA:14,0,1,2
BRDA:17,1,0,1
BRDA:17,1,1,2
BRF:4
BRH:4
end_of_record
TN:
SF:/home/cbresson/DEV/PERSO/QTUM/diadem-network-client/src/components/Users/Item/index.js
FN:9,(anonymous_0)
FNF:1
FNH:1
FNDA:1,(anonymous_0)
DA:9,2
DA:10,1
DA:23,2
DA:30,2
LF:4
LH:4
BRF:0
BRH:0
end_of_record
TN:
SF:/home/cbresson/DEV/PERSO/QTUM/diadem-network-client/src/helpers/map-sort.js
FN:3,(anonymous_0)
FNF:1
FNH:1
FNDA:1,(anonymous_0)
DA:3,2
DA:4,1
DA:5,1
DA:6,1
DA:8,1
DA:9,5
DA:10,5
DA:11,1
DA:12,1
DA:14,4
DA:18,1
DA:19,4
DA:20,4
DA:21,4
DA:24,1
LF:15
LH:15
BRDA:10,0,0,1
BRDA:10,0,1,4
BRF:2
BRH:2
end_of_record
TN:
SF:/home/cbresson/DEV/PERSO/QTUM/diadem-network-client/src/helpers/sort-by-time.js
FN:4,(anonymous_0)
FN:6,(anonymous_1)
FN:7,(anonymous_2)
FNF:3
FNH:0
FNDA:0,(anonymous_0)
FNDA:0,(anonymous_1)
FNDA:0,(anonymous_2)
DA:4,1
DA:6,1
DA:7,1
LF:3
LH:3
BRF:0
BRH:0
end_of_record
TN:
SF:/home/cbresson/DEV/PERSO/QTUM/diadem-network-client/src/modules/selectors.js
FNF:0
FNH:0
LF:0
LH:0
BRF:0
BRH:0
end_of_record
TN:
SF:/home/cbresson/DEV/PERSO/QTUM/diadem-network-client/src/modules/utils.js
FN:3,(anonymous_0)
FN:13,(anonymous_1)
FN:14,(anonymous_2)
FN:16,(anonymous_3)
FN:16,(anonymous_4)
FN:20,(anonymous_5)
FN:20,(anonymous_6)
FN:22,(anonymous_7)
FNF:8
FNH:2
FNDA:0,(anonymous_0)
FNDA:0,(anonymous_1)
FNDA:0,(anonymous_2)
FNDA:0,(anonymous_3)
FNDA:0,(anonymous_4)
FNDA:8,(anonymous_5)
FNDA:25,(anonymous_6)
FNDA:0,(anonymous_7)
DA:3,1
DA:4,0
DA:5,0
DA:6,0
DA:7,0
DA:11,1
DA:13,1
DA:14,0
DA:16,1
DA:18,1
DA:20,25
DA:22,1
LF:12
LH:7
BRDA:4,0,0,0
BRDA:4,0,1,0
BRDA:4,0,2,0
BRDA:5,1,0,0
BRDA:5,1,1,0
BRDA:6,2,0,0
BRDA:6,2,1,0
BRF:7
BRH:0
end_of_record
TN:
SF:/home/cbresson/DEV/PERSO/QTUM/diadem-network-client/src/modules/achievement/selectors.js
FNF:0
FNH:0
DA:4,1
DA:6,1
DA:8,1
DA:9,1
LF:4
LH:4
BRF:0
BRH:0
end_of_record
TN:
SF:/home/cbresson/DEV/PERSO/QTUM/diadem-network-client/src/modules/achievements/selectors.js
FN:16,(anonymous_0)
FN:26,(anonymous_1)
FN:40,(anonymous_2)
FN:40,(anonymous_3)
FNF:4
FNH:0
FNDA:0,(anonymous_0)
FNDA:0,(anonymous_1)
FNDA:0,(anonymous_2)
FNDA:0,(anonymous_3)
DA:6,1
DA:8,1
DA:9,1
DA:10,1
DA:11,1
DA:13,1
DA:15,1
DA:16,1
DA:17,0
DA:25,0
DA:27,0
DA:28,0
DA:29,0
DA:30,0
DA:37,0
DA:40,1
DA:41,0
DA:42,0
DA:43,0
DA:44,0
DA:46,0
DA:47,0
DA:49,0
DA:50,0
DA:51,0
DA:52,0
LF:26
LH:9
BRDA:43,0,0,0
BRDA:43,0,1,0
BRDA:43,1,0,0
BRDA:43,1,1,0
BRDA:43,1,2,0
BRDA:46,2,0,0
BRDA:46,2,1,0
BRF:7
BRH:0
end_of_record
TN:
SF:/home/cbresson/DEV/PERSO/QTUM/diadem-network-client/src/modules/facebook/login/selectors.js
FNF:0
FNH:0
DA:5,1
DA:8,1
DA:9,1
DA:10,1
DA:11,1
DA:14,1
LF:6
LH:6
BRF:0
BRH:0
end_of_record
TN:
SF:/home/cbresson/DEV/PERSO/QTUM/diadem-network-client/src/modules/facebook/registration/selectors.js
FNF:0
FNH:0
DA:3,1
DA:5,1
LF:2
LH:2
BRF:0
BRH:0
end_of_record
TN:
SF:/home/cbresson/DEV/PERSO/QTUM/diadem-network-client/src/modules/transactions/selectors.js
FN:16,(anonymous_0)
FN:16,(anonymous_1)
FNF:2
FNH:0
FNDA:0,(anonymous_0)
FNDA:0,(anonymous_1)
DA:6,1
DA:8,1
DA:10,1
DA:11,1
DA:12,1
DA:13,1
DA:14,1
DA:16,1
DA:17,0
DA:18,0
DA:24,0
LF:11
LH:8
BRDA:17,0,0,0
BRDA:17,0,1,0
BRF:2
BRH:0
end_of_record
TN:
SF:/home/cbresson/DEV/PERSO/QTUM/diadem-network-client/src/modules/ui/general/selectors.js
FNF:0
FNH:0
DA:3,1
DA:5,1
LF:2
LH:2
BRF:0
BRH:0
end_of_record
TN:
SF:/home/cbresson/DEV/PERSO/QTUM/diadem-network-client/src/modules/ui/notifications/selectors.js
FNF:0
FNH:0
DA:3,1
LF:1
LH:1
BRF:0
BRH:0
end_of_record
TN:
SF:/home/cbresson/DEV/PERSO/QTUM/diadem-network-client/src/modules/users/selectors.js
FN:9,(anonymous_0)
FNF:1
FNH:0
FNDA:0,(anonymous_0)
DA:5,1
DA:7,1
DA:8,1
DA:9,1
LF:4
LH:4
BRF:0
BRH:0
end_of_record
TN:
SF:/home/cbresson/DEV/PERSO/QTUM/diadem-network-client/src/modules/wallets/qtum/selectors.js
FNF:0
FNH:0
DA:5,1
DA:7,1
DA:8,1
DA:9,1
DA:10,1
DA:13,1
DA:14,1
DA:15,1
DA:18,1
DA:19,1
DA:20,1
DA:21,1
DA:24,1
DA:26,1
LF:14
LH:14
BRF:0
BRH:0
end_of_record
